********************************************************************************
DUPLICATOR-LITE PACKAGE-LOG: October 11, 2021 8:52 am
NOTICE: Do NOT post to public sites or forums 
********************************************************************************
VERSION:	1.4.2
WORDPRESS:	5.8.1
PHP INFO:	7.4.16 | SAPI: apache2handler
SERVER:		Apache/2.4.46 (Win64) OpenSSL/1.1.1j PHP/7.4.16 
PHP TIME LIMIT: (0) no time limit imposed 
PHP MAX MEMORY: 4294967296 (512M default) 
MEMORY STACK: 12MB

********************************************************************************
DATABASE:
********************************************************************************
BUILD MODE:   MYSQLDUMP
MYSQLTIMEOUT: 5000
MYSQLDUMP:    Is Supported
SQL CREATED: 20210905_ivi_6310a4148c9270824954_20211011085148_database.sql
SQL FILE SIZE: 1.57MB (1649657)
SQL FILE TIME: 2021-10-11 08:52:08
SQL RUNTIME: 2.53 sec.

********************************************************************************
ARCHIVE (ZIP):
********************************************************************************
ARCHIVE DIR:  G:/web/Xampp/htdocs/boombox
ARCHIVE FILE: 20210905_ivi_6310a4148c9270824954_20211011085148_archive.zip
FILTERS: *OFF*
DIRS:
	not set
FILES:
	not set
EXTS:  not set
----------------------------------------
COMPRESSING
SIZE:	173.98MB
STATS:	Dirs 1,453 | Files 9,213
SQL ADDED: 20210905_ivi_6310a4148c9270824954_20211011085148_database.sql
ZipArchive Object
(
    [status] => 0
    [statusSys] => 0
    [numFiles] => 10666
    [filename] => G:\web\Xampp\htdocs\boombox\wp-content\backups-dup-lite\tmp\20210905_ivi_6310a4148c9270824954_20211011085148_archive.zip
    [comment] => 
)

FILE ADDED TO ZIP: 10665
COMPRESSION RESULT: '1'
COMPRESSED SIZE: 81.44MB
ARCHIVE RUNTIME: 75.30 sec.
MEMORY STACK: 14MB
building installer
add_extra_files1
add_extra_files2
add_extra_files3
add_extra_files4
Doing archive file check
add_extra_files5
add_extra_files6
add_extra_files8
Successfully opened zip G:/web/Xampp/htdocs/boombox/wp-content/backups-dup-lite/tmp/20210905_ivi_6310a4148c9270824954_20211011085148_archive.zip
Adding enhanced installer files to archive using ZipArchive
Installer files added to archive
Added to archive
After ziparchive close when adding installer

********************************************************************************
INTEGRITY CHECKS:
********************************************************************************
SQL FILE: 1.57MB
INSTALLER FILE: 64.25KB
ARCHIVE FILE: 82.84MB 
EXPECTED FILE/DIRECTORY COUNT: 10,666
ACTUAL FILE/DIRECTORY COUNT: 10,665
ARCHIVE CONSISTENCY TEST: Pass

********************************************************************************
RECORD ID:[2]
TOTAL PROCESS RUNTIME: 78.53 sec.
PEAK PHP MEMORY USED: 16MB
DONE PROCESSING => 20210905_ivi October 11, 2021 8:53 am

